Reusing configuration cache.
> Task :composeApp:preBuild UP-TO-DATE
> Task :composeApp:preDebugBuild UP-TO-DATE
> Task :composeApp:kmpPartiallyResolvedDependenciesChecker
> Task :composeApp:generateComposeResClass UP-TO-DATE
> Task :composeApp:generateExpectResourceCollectorsForCommonMain UP-TO-DATE
> Task :composeApp:convertXmlValueResourcesForCommonMain NO-SOURCE
> Task :composeApp:copyNonXmlValueResourcesForAndroidMain NO-SOURCE
> Task :composeApp:checkKotlinGradlePluginConfigurationErrors SKIPPED
> Task :composeApp:convertXmlValueResourcesForAndroidMain NO-SOURCE
> Task :composeApp:convertXmlValueResourcesForAndroidDebug NO-SOURCE
> Task :composeApp:generateDebugResValues UP-TO-DATE
> Task :composeApp:createDebugCompatibleScreenManifests UP-TO-DATE
> Task :composeApp:copyNonXmlValueResourcesForAndroidDebug NO-SOURCE
> Task :composeApp:generateDebugResources UP-TO-DATE
> Task :composeApp:extractDeepLinksDebug UP-TO-DATE
> Task :composeApp:copyNonXmlValueResourcesForCommonMain UP-TO-DATE
> Task :composeApp:checkDebugAarMetadata UP-TO-DATE
> Task :composeApp:processDebugNavigationResources UP-TO-DATE
> Task :composeApp:mapDebugSourceSetPaths UP-TO-DATE
> Task :composeApp:prepareComposeResourcesTaskForAndroidMain NO-SOURCE
> Task :composeApp:compileDebugNavigationResources UP-TO-DATE
> Task :composeApp:generateResourceAccessorsForAndroidMain NO-SOURCE
> Task :composeApp:prepareComposeResourcesTaskForAndroidDebug NO-SOURCE
> Task :composeApp:mergeDebugResources UP-TO-DATE
> Task :composeApp:generateResourceAccessorsForAndroidDebug NO-SOURCE
> Task :composeApp:processDebugMainManifest UP-TO-DATE
> Task :composeApp:prepareComposeResourcesTaskForCommonMain UP-TO-DATE
> Task :composeApp:generateResourceAccessorsForCommonMain UP-TO-DATE
> Task :composeApp:processDebugManifest UP-TO-DATE
> Task :composeApp:generateActualResourceCollectorsForAndroidMain UP-TO-DATE
> Task :composeApp:processDebugManifestForPackage UP-TO-DATE
> Task :composeApp:copyDebugComposeResourcesToAndroidAssets UP-TO-DATE
> Task :composeApp:packageDebugResources UP-TO-DATE
> Task :composeApp:parseDebugLocalResources UP-TO-DATE

> Task :composeApp:processDebugResources UP-TO-DATE
WARNING: We recommend using a newer Android Gradle plugin to use compile SDK version 37.0

This Android Gradle plugin (8.13.2) was tested up to compile SDK version 36.1.

You are strongly encouraged to update your project to use a newer
Android Gradle plugin that has been tested with compile SDK version 37.0.

If you are already using the latest version of the Android Gradle plugin,
you may need to wait until a newer version with support for compile SDK version 37.0 is available.

For more information refer to the compatibility table:
https://d.android.com/r/tools/api-level-support

To suppress this warning, add/update
    android.suppressUnsupportedCompileSdk=37.0
to this project's gradle.properties.

> Task :composeApp:compileDebugKotlinAndroid FAILED
e: file:///C:/Users/kirby/app/Noctua%20Hub/composeApp/src/commonMain/kotlin/jp/girky/wf_noctuahub/App.kt:51:7 Conflicting declarations:
local val coroutineScope: CoroutineScope
local val coroutineScope: CoroutineScope
e: file:///C:/Users/kirby/app/Noctua%20Hub/composeApp/src/commonMain/kotlin/jp/girky/wf_noctuahub/App.kt:64:7 Conflicting declarations:
local val coroutineScope: CoroutineScope
local val coroutineScope: CoroutineScope
e: file:///C:/Users/kirby/app/Noctua%20Hub/composeApp/src/commonMain/kotlin/jp/girky/wf_noctuahub/data/repository/SettingsRepository.kt:13:47 Cannot infer type for type parameter 'T'. Specify it explicitly.
e: file:///C:/Users/kirby/app/Noctua%20Hub/composeApp/src/commonMain/kotlin/jp/girky/wf_noctuahub/data/repository/SettingsRepository.kt:13:47 Cannot infer type for type parameter 'R'. Specify it explicitly.
e: file:///C:/Users/kirby/app/Noctua%20Hub/composeApp/src/commonMain/kotlin/jp/girky/wf_noctuahub/data/repository/SettingsRepository.kt:13:47 Unresolved reference. None of the following candidates is applicable because of a receiver type mismatch:
fun <T, R> DeepRecursiveFunction<T, R>.invoke(value: T): R
e: file:///C:/Users/kirby/app/Noctua%20Hub/composeApp/src/commonMain/kotlin/jp/girky/wf_noctuahub/data/repository/SettingsRepository.kt:14:55 Unresolved reference. None of the following candidates is applicable because of a receiver type mismatch:
fun ObservableSettings.toFlowSettings(dispatcher: CoroutineDispatcher = ...): FlowSettings

FAILURE: Build failed with an exception.

* What went wrong:
Execution failed for task ':composeApp:compileDebugKotlinAndroid'.
> A failure occurred while executing org.jetbrains.kotlin.compilerRunner.GradleCompilerRunnerWithWorkers$GradleKotlinCompilerWorkAction
   > Compilation error. See log for more details

* Try:
> Run with --stacktrace option to get the stack trace.
> Run with --info or --debug option to get more log output.
> Run with --scan to get full insights.
> Get more help at https://help.gradle.org.

BUILD FAILED in 2s
24 actionable tasks: 2 executed, 22 up-to-date
Configuration cache entry reused.
